<?xml version="1.0" encoding="UTF-8"?>
<!-- Generated by org.testng.reporters.JUnitXMLReporter -->
<testsuite ignored="0" hostname="HP" failures="0" tests="4" name="Default test" time="0.066" errors="0" timestamp="2023-12-15T06:54:26 IST">
  <testcase classname="practice.Practice_Basic_Test_2" name="Demo" time="0.009"/>
  <testcase classname="practice.Practice_Basic_Test_2" name="Liyo" time="0.002"/>
  <testcase classname="practice.Practice_Basic_Test_2" name="Miyo" time="0.001"/>
  <testcase classname="practice.Practice_Basic_Test_2" name="Sumo" time="0.001"/>
</testsuite> <!-- Default test -->
