<?xml version="1.0" encoding="UTF-8"?>
<!-- Generated by org.testng.reporters.JUnitXMLReporter -->
<testsuite ignored="0" hostname="HP" failures="0" tests="5" name="Test" time="0.061" errors="0" timestamp="2023-12-15T07:06:46 IST">
  <testcase classname="practice.Practice_Basic_Test_2" name="Demo" time="0.01"/>
  <testcase classname="practice.Practice_Basic_Test_2" name="Liyo" time="0.001"/>
  <testcase classname="practice.Practice_Basic_Test_2" name="Miyo" time="0.001"/>
  <testcase classname="practice.Practice_Basic_Test_2" name="Sumo" time="0.0"/>
  <testcase classname="practice.Practice_1_BasicTS" name="Basictest" time="0.0"/>
</testsuite> <!-- Test -->
