<?xml version="1.0" encoding="UTF-8"?>
<testng-results ignored="0" total="5" passed="5" failed="0" skipped="0">
  <reporter-output>
    <line>
      <![CDATA[Iam Demo]]>
    </line>
    <line>
      <![CDATA[Iam Kowsalya]]>
    </line>
    <line>
      <![CDATA[Iam Liyo]]>
    </line>
    <line>
      <![CDATA[Iam Kowsalya]]>
    </line>
    <line>
      <![CDATA[Iam Miyo]]>
    </line>
    <line>
      <![CDATA[Iam Kowsalya]]>
    </line>
    <line>
      <![CDATA[Iam Sumo]]>
    </line>
    <line>
      <![CDATA[Iam Kowsalya]]>
    </line>
    <line>
      <![CDATA[Iam kowsalya]]>
    </line>
  </reporter-output>
  <suite started-at="2023-12-15T07:06:46 IST" name="Suite" finished-at="2023-12-15T07:06:46 IST" duration-ms="61">
    <groups>
    </groups>
    <test started-at="2023-12-15T07:06:46 IST" name="Test" finished-at="2023-12-15T07:06:46 IST" duration-ms="61">
      <class name="practice.Practice_1_BasicTS">
        <test-method signature="Basictest()[pri:0, instance:practice.Practice_1_BasicTS@1c93084c]" started-at="2023-12-15T07:06:46 IST" name="Basictest" finished-at="2023-12-15T07:06:46 IST" duration-ms="0" status="PASS">
          <reporter-output>
            <line>
              <![CDATA[Iam kowsalya]]>
            </line>
          </reporter-output>
        </test-method> <!-- Basictest -->
      </class> <!-- practice.Practice_1_BasicTS -->
      <class name="practice.Practice_Basic_Test_2">
        <test-method signature="Demo()[pri:0, instance:practice.Practice_Basic_Test_2@4ddced80]" started-at="2023-12-15T07:06:46 IST" name="Demo" finished-at="2023-12-15T07:06:46 IST" duration-ms="10" status="PASS">
          <reporter-output>
            <line>
              <![CDATA[Iam Demo]]>
            </line>
            <line>
              <![CDATA[Iam Kowsalya]]>
            </line>
          </reporter-output>
        </test-method> <!-- Demo -->
        <test-method signature="Liyo()[pri:0, instance:practice.Practice_Basic_Test_2@4ddced80]" started-at="2023-12-15T07:06:46 IST" name="Liyo" finished-at="2023-12-15T07:06:46 IST" duration-ms="1" status="PASS">
          <reporter-output>
            <line>
              <![CDATA[Iam Liyo]]>
            </line>
            <line>
              <![CDATA[Iam Kowsalya]]>
            </line>
          </reporter-output>
        </test-method> <!-- Liyo -->
        <test-method signature="Miyo()[pri:0, instance:practice.Practice_Basic_Test_2@4ddced80]" started-at="2023-12-15T07:06:46 IST" name="Miyo" finished-at="2023-12-15T07:06:46 IST" duration-ms="1" status="PASS">
          <reporter-output>
            <line>
              <![CDATA[Iam Miyo]]>
            </line>
            <line>
              <![CDATA[Iam Kowsalya]]>
            </line>
          </reporter-output>
        </test-method> <!-- Miyo -->
        <test-method signature="Sumo()[pri:0, instance:practice.Practice_Basic_Test_2@4ddced80]" started-at="2023-12-15T07:06:46 IST" name="Sumo" finished-at="2023-12-15T07:06:46 IST" duration-ms="0" status="PASS">
          <reporter-output>
            <line>
              <![CDATA[Iam Sumo]]>
            </line>
            <line>
              <![CDATA[Iam Kowsalya]]>
            </line>
          </reporter-output>
        </test-method> <!-- Sumo -->
      </class> <!-- practice.Practice_Basic_Test_2 -->
    </test> <!-- Test -->
  </suite> <!-- Suite -->
</testng-results>
